0 verbose cli D:\软件\node.js\node.exe D:\软件\node.js\node_modules\npm\bin\npm-cli.js
1 info using npm@11.12.1
2 info using node@v24.15.0
3 silly config load:file:D:\软件\node.js\node_modules\npm\npmrc
4 silly config load:file:E:\1_Code Project\3_self_project\Memora_language_2026_6_7\frontend\.npmrc
5 silly config load:file:C:\Users\SS\.npmrc
6 silly config load:file:D:\软件\node.js\node_golobal\etc\npmrc
7 verbose title npm install
8 verbose argv "install" "--legacy-peer-deps" "--loglevel" "warn"
9 verbose logfile logs-max:10 dir:E:\1_Code Project\3_self_project\Memora_language_2026_6_7\frontend\.npm-cache-local\_logs\2026-06-07T16_21_03_363Z-
10 verbose logfile E:\1_Code Project\3_self_project\Memora_language_2026_6_7\frontend\.npm-cache-local\_logs\2026-06-07T16_21_03_363Z-debug-0.log
11 silly logfile start cleaning logs, removing 1 files
12 silly packumentCache heap:4496293888 maxSize:1124073472 maxEntrySize:562036736
13 silly logfile done cleaning log files
14 verbose shrinkwrap failed to load node_modules/.package-lock.json out of date, updated: node_modules
15 silly idealTree buildDeps
16 silly reify moves {}
17 silly audit bulk request {
17 silly audit   '@adobe/css-tools': [ '4.5.0' ],
17 silly audit   '@alloc/quick-lru': [ '5.2.0' ],
17 silly audit   '@asamuzakjp/css-color': [ '3.2.0' ],
17 silly audit   'lru-cache': [ '10.4.3', '5.1.1' ],
17 silly audit   '@asamuzakjp/dom-selector': [ '2.0.2' ],
17 silly audit   '@babel/code-frame': [ '7.29.7' ],
17 silly audit   '@babel/compat-data': [ '7.29.7' ],
17 silly audit   '@babel/core': [ '7.29.7' ],
17 silly audit   json5: [ '2.2.3', '1.0.2' ],
17 silly audit   semver: [ '6.3.1', '7.8.2' ],
17 silly audit   '@babel/generator': [ '7.29.7' ],
17 silly audit   '@babel/helper-compilation-targets': [ '7.29.7' ],
17 silly audit   '@babel/helper-globals': [ '7.29.7' ],
17 silly audit   '@babel/helper-module-imports': [ '7.29.7' ],
17 silly audit   '@babel/helper-module-transforms': [ '7.29.7' ],
17 silly audit   '@babel/helper-plugin-utils': [ '7.29.7' ],
17 silly audit   '@babel/helper-string-parser': [ '7.29.7' ],
17 silly audit   '@babel/helper-validator-identifier': [ '7.29.7' ],
17 silly audit   '@babel/helper-validator-option': [ '7.29.7' ],
17 silly audit   '@babel/helpers': [ '7.29.7' ],
17 silly audit   '@babel/parser': [ '7.29.7' ],
17 silly audit   '@babel/plugin-transform-react-jsx-self': [ '7.29.7' ],
17 silly audit   '@babel/plugin-transform-react-jsx-source': [ '7.29.7' ],
17 silly audit   '@babel/runtime': [ '7.29.7' ],
17 silly audit   '@babel/template': [ '7.29.7' ],
17 silly audit   '@babel/traverse': [ '7.29.7' ],
17 silly audit   '@babel/types': [ '7.29.7' ],
17 silly audit   '@csstools/color-helpers': [ '5.1.0' ],
17 silly audit   '@csstools/css-calc': [ '2.1.4' ],
17 silly audit   '@csstools/css-color-parser': [ '3.1.0' ],
17 silly audit   '@csstools/css-parser-algorithms': [ '3.0.5' ],
17 silly audit   '@csstools/css-tokenizer': [ '3.0.4' ],
17 silly audit   '@dagrejs/dagre': [ '1.1.8' ],
17 silly audit   '@dagrejs/graphlib': [ '2.2.4' ],
17 silly audit   '@emnapi/core': [ '1.10.0' ],
17 silly audit   '@emnapi/runtime': [ '1.10.0' ],
17 silly audit   '@emnapi/wasi-threads': [ '1.2.1' ],
17 silly audit   '@esbuild/aix-ppc64': [ '0.21.5' ],
17 silly audit   '@esbuild/android-arm': [ '0.21.5' ],
17 silly audit   '@esbuild/android-arm64': [ '0.21.5' ],
17 silly audit   '@esbuild/android-x64': [ '0.21.5' ],
17 silly audit   '@esbuild/darwin-arm64': [ '0.21.5' ],
17 silly audit   '@esbuild/darwin-x64': [ '0.21.5' ],
17 silly audit   '@esbuild/freebsd-arm64': [ '0.21.5' ],
17 silly audit   '@esbuild/freebsd-x64': [ '0.21.5' ],
17 silly audit   '@esbuild/linux-arm': [ '0.21.5' ],
17 silly audit   '@esbuild/linux-arm64': [ '0.21.5' ],
17 silly audit   '@esbuild/linux-ia32': [ '0.21.5' ],
17 silly audit   '@esbuild/linux-loong64': [ '0.21.5' ],
17 silly audit   '@esbuild/linux-mips64el': [ '0.21.5' ],
17 silly audit   '@esbuild/linux-ppc64': [ '0.21.5' ],
17 silly audit   '@esbuild/linux-riscv64': [ '0.21.5' ],
17 silly audit   '@esbuild/linux-s390x': [ '0.21.5' ],
17 silly audit   '@esbuild/linux-x64': [ '0.21.5' ],
17 silly audit   '@esbuild/netbsd-x64': [ '0.21.5' ],
17 silly audit   '@esbuild/openbsd-x64': [ '0.21.5' ],
17 silly audit   '@esbuild/sunos-x64': [ '0.21.5' ],
17 silly audit   '@esbuild/win32-arm64': [ '0.21.5' ],
17 silly audit   '@esbuild/win32-ia32': [ '0.21.5' ],
17 silly audit   '@esbuild/win32-x64': [ '0.21.5' ],
17 silly audit   '@eslint-community/eslint-utils': [ '4.9.1' ],
17 silly audit   'eslint-visitor-keys': [ '3.4.3', '5.0.1', '4.2.1' ],
17 silly audit   '@eslint-community/regexpp': [ '4.12.2' ],
17 silly audit   '@eslint/config-array': [ '0.21.2' ],
17 silly audit   '@eslint/config-helpers': [ '0.4.2' ],
17 silly audit   '@eslint/core': [ '0.17.0' ],
17 silly audit   '@eslint/eslintrc': [ '3.3.5' ],
17 silly audit   '@eslint/js': [ '9.39.4' ],
17 silly audit   '@eslint/object-schema': [ '2.1.7' ],
17 silly audit   '@eslint/plugin-kit': [ '0.4.1' ],
17 silly audit   '@hookform/resolvers': [ '3.10.0' ],
17 silly audit   '@humanfs/core': [ '0.19.2' ],
17 silly audit   '@humanfs/node': [ '0.16.8' ],
17 silly audit   '@humanfs/types': [ '0.15.0' ],
17 silly audit   '@humanwhocodes/module-importer': [ '1.0.1' ],
17 silly audit   '@humanwhocodes/retry': [ '0.4.3' ],
17 silly audit   '@img/colour': [ '1.1.0' ],
17 silly audit   '@img/sharp-darwin-arm64': [ '0.34.5' ],
17 silly audit   '@img/sharp-darwin-x64': [ '0.34.5' ],
17 silly audit   '@img/sharp-libvips-darwin-arm64': [ '1.2.4' ],
17 silly audit   '@img/sharp-libvips-darwin-x64': [ '1.2.4' ],
17 silly audit   '@img/sharp-libvips-linux-arm': [ '1.2.4' ],
17 silly audit   '@img/sharp-libvips-linux-arm64': [ '1.2.4' ],
17 silly audit   '@img/sharp-libvips-linux-ppc64': [ '1.2.4' ],
17 silly audit   '@img/sharp-libvips-linux-riscv64': [ '1.2.4' ],
17 silly audit   '@img/sharp-libvips-linux-s390x': [ '1.2.4' ],
17 silly audit   '@img/sharp-libvips-linux-x64': [ '1.2.4' ],
17 silly audit   '@img/sharp-libvips-linuxmusl-arm64': [ '1.2.4' ],
17 silly audit   '@img/sharp-libvips-linuxmusl-x64': [ '1.2.4' ],
17 silly audit   '@img/sharp-linux-arm': [ '0.34.5' ],
17 silly audit   '@img/sharp-linux-arm64': [ '0.34.5' ],
17 silly audit   '@img/sharp-linux-ppc64': [ '0.34.5' ],
17 silly audit   '@img/sharp-linux-riscv64': [ '0.34.5' ],
17 silly audit   '@img/sharp-linux-s390x': [ '0.34.5' ],
17 silly audit   '@img/sharp-linux-x64': [ '0.34.5' ],
17 silly audit   '@img/sharp-linuxmusl-arm64': [ '0.34.5' ],
17 silly audit   '@img/sharp-linuxmusl-x64': [ '0.34.5' ],
17 silly audit   '@img/sharp-wasm32': [ '0.34.5' ],
17 silly audit   '@img/sharp-win32-arm64': [ '0.34.5' ],
17 silly audit   '@img/sharp-win32-ia32': [ '0.34.5' ],
17 silly audit   '@img/sharp-win32-x64': [ '0.34.5' ],
17 silly audit   '@jest/schemas': [ '29.6.3' ],
17 silly audit   '@jridgewell/gen-mapping': [ '0.3.13' ],
17 silly audit   '@jridgewell/remapping': [ '2.3.5' ],
17 silly audit   '@jridgewell/resolve-uri': [ '3.1.2' ],
17 silly audit   '@jridgewell/sourcemap-codec': [ '1.5.5' ],
17 silly audit   '@jridgewell/trace-mapping': [ '0.3.31' ],
17 silly audit   '@napi-rs/wasm-runtime': [ '1.1.4' ],
17 silly audit   '@next/env': [ '15.5.19' ],
17 silly audit   '@next/eslint-plugin-next': [ '15.5.19' ],
17 silly audit   '@next/swc-darwin-arm64': [ '15.5.19' ],
17 silly audit   '@next/swc-darwin-x64': [ '15.5.19' ],
17 silly audit   '@next/swc-linux-arm64-gnu': [ '15.5.19' ],
17 silly audit   '@next/swc-linux-arm64-musl': [ '15.5.19' ],
17 silly audit   '@next/swc-linux-x64-gnu': [ '15.5.19' ],
17 silly audit   '@next/swc-linux-x64-musl': [ '15.5.19' ],
17 silly audit   '@next/swc-win32-arm64-msvc': [ '15.5.19' ],
17 silly audit   '@next/swc-win32-x64-msvc': [ '15.5.19' ],
17 silly audit   '@nodelib/fs.scandir': [ '2.1.5' ],
17 silly audit   '@nodelib/fs.stat': [ '2.0.5' ],
17 silly audit   '@nodelib/fs.walk': [ '1.2.8' ],
17 silly audit   '@nolyfill/is-core-module': [ '1.0.39' ],
17 silly audit   '@polka/url': [ '1.0.0-next.29' ],
17 silly audit   '@rolldown/pluginutils': [ '1.0.0-beta.27' ],
17 silly audit   '@rollup/rollup-android-arm-eabi': [ '4.61.1' ],
17 silly audit   '@rollup/rollup-android-arm64': [ '4.61.1' ],
17 silly audit   '@rollup/rollup-darwin-arm64': [ '4.61.1' ],
17 silly audit   '@rollup/rollup-darwin-x64': [ '4.61.1' ],
17 silly audit   '@rollup/rollup-freebsd-arm64': [ '4.61.1' ],
17 silly audit   '@rollup/rollup-freebsd-x64': [ '4.61.1' ],
17 silly audit   '@rollup/rollup-linux-arm-gnueabihf': [ '4.61.1' ],
17 silly audit   '@rollup/rollup-linux-arm-musleabihf': [ '4.61.1' ],
17 silly audit   '@rollup/rollup-linux-arm64-gnu': [ '4.61.1' ],
17 silly audit   '@rollup/rollup-linux-arm64-musl': [ '4.61.1' ],
17 silly audit   '@rollup/rollup-linux-loong64-gnu': [ '4.61.1' ],
17 silly audit   '@rollup/rollup-linux-loong64-musl': [ '4.61.1' ],
17 silly audit   '@rollup/rollup-linux-ppc64-gnu': [ '4.61.1' ],
17 silly audit   '@rollup/rollup-linux-ppc64-musl': [ '4.61.1' ],
17 silly audit   '@rollup/rollup-linux-riscv64-gnu': [ '4.61.1' ],
17 silly audit   '@rollup/rollup-linux-riscv64-musl': [ '4.61.1' ],
17 silly audit   '@rollup/rollup-linux-s390x-gnu': [ '4.61.1' ],
17 silly audit   '@rollup/rollup-linux-x64-gnu': [ '4.61.1' ],
17 silly audit   '@rollup/rollup-linux-x64-musl': [ '4.61.1' ],
17 silly audit   '@rollup/rollup-openbsd-x64': [ '4.61.1' ],
17 silly audit   '@rollup/rollup-openharmony-arm64': [ '4.61.1' ],
17 silly audit   '@rollup/rollup-win32-arm64-msvc': [ '4.61.1' ],
17 silly audit   '@rollup/rollup-win32-ia32-msvc': [ '4.61.1' ],
17 silly audit   '@rollup/rollup-win32-x64-gnu': [ '4.61.1' ],
17 silly audit   '@rollup/rollup-win32-x64-msvc': [ '4.61.1' ],
17 silly audit   '@rtsao/scc': [ '1.1.0' ],
17 silly audit   '@rushstack/eslint-patch': [ '1.16.1' ],
17 silly audit   '@sinclair/typebox': [ '0.27.10' ],
17 silly audit   '@swc/helpers': [ '0.5.15' ],
17 silly audit   '@tailwindcss/node': [ '4.3.0' ],
17 silly audit   '@tailwindcss/oxide': [ '4.3.0' ],
17 silly audit   '@tailwindcss/oxide-android-arm64': [ '4.3.0' ],
17 silly audit   '@tailwindcss/oxide-darwin-arm64': [ '4.3.0' ],
17 silly audit   '@tailwindcss/oxide-darwin-x64': [ '4.3.0' ],
17 silly audit   '@tailwindcss/oxide-freebsd-x64': [ '4.3.0' ],
17 silly audit   '@tailwindcss/oxide-linux-arm-gnueabihf': [ '4.3.0' ],
17 silly audit   '@tailwindcss/oxide-linux-arm64-gnu': [ '4.3.0' ],
17 silly audit   '@tailwindcss/oxide-linux-arm64-musl': [ '4.3.0' ],
17 silly audit   '@tailwindcss/oxide-linux-x64-gnu': [ '4.3.0' ],
17 silly audit   '@tailwindcss/oxide-linux-x64-musl': [ '4.3.0' ],
17 silly audit   '@tailwindcss/oxide-wasm32-wasi': [ '4.3.0' ],
17 silly audit   '@tailwindcss/oxide-win32-arm64-msvc': [ '4.3.0' ],
17 silly audit   '@tailwindcss/oxide-win32-x64-msvc': [ '4.3.0' ],
17 silly audit   '@tailwindcss/postcss': [ '4.3.0' ],
17 silly audit   '@tanstack/query-core': [ '5.101.0' ],
17 silly audit   '@tanstack/react-query': [ '5.101.0' ],
17 silly audit   '@testing-library/dom': [ '9.3.4' ],
17 silly audit   'aria-query': [ '5.1.3', '5.3.2' ],
17 silly audit   'dom-accessibility-api': [ '0.5.16', '0.6.3' ],
17 silly audit   '@testing-library/jest-dom': [ '6.9.1' ],
17 silly audit   '@testing-library/react': [ '14.3.1' ],
17 silly audit   '@types/react-dom': [ '18.3.7', '19.2.3' ],
17 silly audit   '@tybys/wasm-util': [ '0.10.2' ],
17 silly audit   '@types/aria-query': [ '5.0.4' ],
17 silly audit   '@types/babel__core': [ '7.20.5' ],
17 silly audit   '@types/babel__generator': [ '7.27.0' ],
17 silly audit   '@types/babel__template': [ '7.4.4' ],
17 silly audit   '@types/babel__traverse': [ '7.28.0' ],
17 silly audit   '@types/d3-array': [ '3.2.2' ],
17 silly audit   '@types/d3-color': [ '3.1.3' ],
17 silly audit   '@types/d3-drag': [ '3.0.7' ],
17 silly audit   '@types/d3-ease': [ '3.0.2' ],
17 silly audit   '@types/d3-interpolate': [ '3.0.4' ],
17 silly audit   '@types/d3-path': [ '3.1.1' ],
17 silly audit   '@types/d3-scale': [ '4.0.9' ],
17 silly audit   '@types/d3-selection': [ '3.0.11' ],
17 silly audit   '@types/d3-shape': [ '3.1.8' ],
17 silly audit   '@types/d3-time': [ '3.0.4' ],
17 silly audit   '@types/d3-timer': [ '3.0.2' ],
17 silly audit   '@types/d3-transition': [ '3.0.9' ],
17 silly audit   '@types/d3-zoom': [ '3.0.8' ],
17 silly audit   '@types/estree': [ '1.0.9' ],
17 silly audit   '@types/json-schema': [ '7.0.15' ],
17 silly audit   '@types/json5': [ '0.0.29' ],
17 silly audit   '@types/node': [ '22.19.20' ],
17 silly audit   '@types/react': [ '19.2.17' ],
17 silly audit   '@typescript-eslint/eslint-plugin': [ '8.60.1' ],
17 silly audit   ignore: [ '7.0.5', '5.3.2' ],
17 silly audit   '@typescript-eslint/parser': [ '8.60.1' ],
17 silly audit   '@typescript-eslint/project-service': [ '8.60.1' ],
17 silly audit   '@typescript-eslint/scope-manager': [ '8.60.1' ],
17 silly audit   '@typescript-eslint/tsconfig-utils': [ '8.60.1' ],
17 silly audit   '@typescript-eslint/type-utils': [ '8.60.1' ],
17 silly audit   '@typescript-eslint/types': [ '8.60.1' ],
17 silly audit   '@typescript-eslint/typescript-estree': [ '8.60.1' ],
17 silly audit   'balanced-match': [ '4.0.4', '1.0.2' ],
17 silly audit   'brace-expansion': [ '5.0.6', '1.1.15' ],
17 silly audit   minimatch: [ '10.2.5', '3.1.5' ],
17 silly audit   '@typescript-eslint/utils': [ '8.60.1' ],
17 silly audit   '@typescript-eslint/visitor-keys': [ '8.60.1' ],
17 silly audit   '@unrs/resolver-binding-android-arm-eabi': [ '1.12.2' ],
17 silly audit   '@unrs/resolver-binding-android-arm64': [ '1.12.2' ],
17 silly audit   '@unrs/resolver-binding-darwin-arm64': [ '1.12.2' ],
17 silly audit   '@unrs/resolver-binding-darwin-x64': [ '1.12.2' ],
17 silly audit   '@unrs/resolver-binding-freebsd-x64': [ '1.12.2' ],
17 silly audit   '@unrs/resolver-binding-linux-arm-gnueabihf': [ '1.12.2' ],
17 silly audit   '@unrs/resolver-binding-linux-arm-musleabihf': [ '1.12.2' ],
17 silly audit   '@unrs/resolver-binding-linux-arm64-gnu': [ '1.12.2' ],
17 silly audit   '@unrs/resolver-binding-linux-arm64-musl': [ '1.12.2' ],
17 silly audit   '@unrs/resolver-binding-linux-loong64-gnu': [ '1.12.2' ],
17 silly audit   '@unrs/resolver-binding-linux-loong64-musl': [ '1.12.2' ],
17 silly audit   '@unrs/resolver-binding-linux-ppc64-gnu': [ '1.12.2' ],
17 silly audit   '@unrs/resolver-binding-linux-riscv64-gnu': [ '1.12.2' ],
17 silly audit   '@unrs/resolver-binding-linux-riscv64-musl': [ '1.12.2' ],
17 silly audit   '@unrs/resolver-binding-linux-s390x-gnu': [ '1.12.2' ],
17 silly audit   '@unrs/resolver-binding-linux-x64-gnu': [ '1.12.2' ],
17 silly audit   '@unrs/resolver-binding-linux-x64-musl': [ '1.12.2' ],
17 silly audit   '@unrs/resolver-binding-openharmony-arm64': [ '1.12.2' ],
17 silly audit   '@unrs/resolver-binding-wasm32-wasi': [ '1.12.2' ],
17 silly audit   '@unrs/resolver-binding-win32-arm64-msvc': [ '1.12.2' ],
17 silly audit   '@unrs/resolver-binding-win32-ia32-msvc': [ '1.12.2' ],
17 silly audit   '@unrs/resolver-binding-win32-x64-msvc': [ '1.12.2' ],
17 silly audit   '@vitejs/plugin-react': [ '4.7.0' ],
17 silly audit   '@vitest/expect': [ '1.6.1' ],
17 silly audit   '@vitest/runner': [ '1.6.1' ],
17 silly audit   'p-limit': [ '5.0.0', '3.1.0' ],
17 silly audit   'yocto-queue': [ '1.2.2', '0.1.0' ],
17 silly audit   '@vitest/snapshot': [ '1.6.1' ],
17 silly audit   'ansi-styles': [ '5.2.0', '4.3.0' ],
17 silly audit   'pretty-format': [ '29.7.0', '27.5.1' ],
17 silly audit   'react-is': [ '18.3.1', '17.0.2', '16.13.1' ],
17 silly audit   '@vitest/spy': [ '1.6.1' ],
17 silly audit   '@vitest/ui': [ '1.6.1' ],
17 silly audit   'fast-glob': [ '3.3.3', '3.3.1' ],
17 silly audit   'glob-parent': [ '5.1.2', '6.0.2' ],
17 silly audit   '@vitest/utils': [ '1.6.1' ],
17 silly audit   '@xyflow/react': [ '12.11.0' ],
17 silly audit   zustand: [ '4.5.7', '5.0.14' ],
17 silly audit   '@xyflow/system': [ '0.0.77' ],
17 silly audit   acorn: [ '8.16.0' ],
17 silly audit   'acorn-jsx': [ '5.3.2' ],
17 silly audit   'acorn-walk': [ '8.3.5' ],
17 silly audit   'agent-base': [ '7.1.4' ],
17 silly audit   ajv: [ '6.15.0' ],
17 silly audit   'ansi-regex': [ '5.0.1' ],
17 silly audit   argparse: [ '2.0.1' ],
17 silly audit   'array-buffer-byte-length': [ '1.0.2' ],
17 silly audit   'array-includes': [ '3.1.9' ],
17 silly audit   'array.prototype.findlast': [ '1.2.5' ],
17 silly audit   'array.prototype.findlastindex': [ '1.2.6' ],
17 silly audit   'array.prototype.flat': [ '1.3.3' ],
17 silly audit   'array.prototype.flatmap': [ '1.3.3' ],
17 silly audit   'array.prototype.tosorted': [ '1.1.4' ],
17 silly audit   'arraybuffer.prototype.slice': [ '1.0.4' ],
17 silly audit   'assertion-error': [ '1.1.0' ],
17 silly audit   'ast-types-flow': [ '0.0.8' ],
17 silly audit   'async-function': [ '1.0.0' ],
17 silly audit   asynckit: [ '0.4.0' ],
17 silly audit   'available-typed-arrays': [ '1.0.7' ],
17 silly audit   'axe-core': [ '4.12.0' ],
17 silly audit   'axobject-query': [ '4.1.0' ],
17 silly audit   'baseline-browser-mapping': [ '2.10.34' ],
17 silly audit   'bidi-js': [ '1.0.3' ],
17 silly audit   braces: [ '3.0.3' ],
17 silly audit   browserslist: [ '4.28.2' ],
17 silly audit   cac: [ '6.7.14' ],
17 silly audit   'call-bind': [ '1.0.9' ],
17 silly audit   'call-bind-apply-helpers': [ '1.0.2' ],
17 silly audit   'call-bound': [ '1.0.4' ],
17 silly audit   callsites: [ '3.1.0' ],
17 silly audit   'caniuse-lite': [ '1.0.30001797' ],
17 silly audit   chai: [ '4.5.0' ],
17 silly audit   chalk: [ '4.1.2' ],
17 silly audit   'check-error': [ '1.0.3' ],
17 silly audit   classcat: [ '5.0.5' ],
17 silly audit   'client-only': [ '0.0.1' ],
17 silly audit   clsx: [ '2.1.1' ],
17 silly audit   'color-convert': [ '2.0.1' ],
17 silly audit   'color-name': [ '1.1.4' ],
17 silly audit   'combined-stream': [ '1.0.8' ],
17 silly audit   'concat-map': [ '0.0.1' ],
17 silly audit   confbox: [ '0.1.8' ],
17 silly audit   'convert-source-map': [ '2.0.0' ],
17 silly audit   'cross-spawn': [ '7.0.6' ],
17 silly audit   'css-tree': [ '2.3.1' ],
17 silly audit   'css.escape': [ '1.5.1' ],
17 silly audit   cssstyle: [ '4.6.0' ],
17 silly audit   'rrweb-cssom': [ '0.8.0', '0.6.0' ],
17 silly audit   csstype: [ '3.2.3' ],
17 silly audit   'd3-array': [ '3.2.4' ],
17 silly audit   'd3-color': [ '3.1.0' ],
17 silly audit   'd3-dispatch': [ '3.0.1' ],
17 silly audit   'd3-drag': [ '3.0.0' ],
17 silly audit   'd3-ease': [ '3.0.1' ],
17 silly audit   'd3-format': [ '3.1.2' ],
17 silly audit   'd3-interpolate': [ '3.0.1' ],
17 silly audit   'd3-path': [ '3.1.0' ],
17 silly audit   'd3-scale': [ '4.0.2' ],
17 silly audit   'd3-selection': [ '3.0.0' ],
17 silly audit   'd3-shape': [ '3.2.0' ],
17 silly audit   'd3-time': [ '3.1.0' ],
17 silly audit   'd3-time-format': [ '4.1.0' ],
17 silly audit   'd3-timer': [ '3.0.1' ],
17 silly audit   'd3-transition': [ '3.0.1' ],
17 silly audit   'd3-zoom': [ '3.0.0' ],
17 silly audit   'damerau-levenshtein': [ '1.0.8' ],
17 silly audit   'data-urls': [ '5.0.0' ],
17 silly audit   'data-view-buffer': [ '1.0.2' ],
17 silly audit   'data-view-byte-length': [ '1.0.2' ],
17 silly audit   'data-view-byte-offset': [ '1.0.1' ],
17 silly audit   debug: [ '4.4.3', '3.2.7' ],
17 silly audit   'decimal.js': [ '10.6.0' ],
17 silly audit   'decimal.js-light': [ '2.5.1' ],
17 silly audit   'deep-eql': [ '4.1.4' ],
17 silly audit   'deep-equal': [ '2.2.3' ],
17 silly audit   'deep-is': [ '0.1.4' ],
17 silly audit   'define-data-property': [ '1.1.4' ],
17 silly audit   'define-properties': [ '1.2.1' ],
17 silly audit   'delayed-stream': [ '1.0.0' ],
17 silly audit   'detect-libc': [ '2.1.2' ],
17 silly audit   'diff-sequences': [ '29.6.3' ],
17 silly audit   doctrine: [ '2.1.0' ],
17 silly audit   'dom-helpers': [ '5.2.1' ],
17 silly audit   'dunder-proto': [ '1.0.1' ],
17 silly audit   'electron-to-chromium': [ '1.5.368' ],
17 silly audit   'emoji-regex': [ '9.2.2' ],
17 silly audit   'enhanced-resolve': [ '5.23.0' ],
17 silly audit   entities: [ '6.0.1' ],
17 silly audit   'es-abstract': [ '1.24.2' ],
17 silly audit   'es-define-property': [ '1.0.1' ],
17 silly audit   'es-errors': [ '1.3.0' ],
17 silly audit   'es-get-iterator': [ '1.1.3' ],
17 silly audit   'es-iterator-helpers': [ '1.3.2' ],
17 silly audit   'es-object-atoms': [ '1.1.2' ],
17 silly audit   'es-set-tostringtag': [ '2.1.0' ],
17 silly audit   'es-shim-unscopables': [ '1.1.0' ],
17 silly audit   'es-to-primitive': [ '1.3.0' ],
17 silly audit   esbuild: [ '0.21.5' ],
17 silly audit   escalade: [ '3.2.0' ],
17 silly audit   'escape-string-regexp': [ '4.0.0' ],
17 silly audit   eslint: [ '9.39.4' ],
17 silly audit   'eslint-config-next': [ '15.5.19' ],
17 silly audit   'eslint-import-resolver-node': [ '0.3.10' ],
17 silly audit   'eslint-import-resolver-typescript': [ '3.10.1' ],
17 silly audit   'eslint-module-utils': [ '2.13.0' ],
17 silly audit   'eslint-plugin-import': [ '2.32.0' ],
17 silly audit   'eslint-plugin-jsx-a11y': [ '6.10.2' ],
17 silly audit   'eslint-plugin-react': [ '7.37.5' ],
17 silly audit   'eslint-plugin-react-hooks': [ '5.2.0' ],
17 silly audit   'eslint-scope': [ '8.4.0' ],
17 silly audit   espree: [ '10.4.0' ],
17 silly audit   esquery: [ '1.7.0' ],
17 silly audit   esrecurse: [ '4.3.0' ],
17 silly audit   estraverse: [ '5.3.0' ],
17 silly audit   'estree-walker': [ '3.0.3' ],
17 silly audit   esutils: [ '2.0.3' ],
17 silly audit   eventemitter3: [ '4.0.7' ],
17 silly audit   execa: [ '8.0.1' ],
17 silly audit   'fast-deep-equal': [ '3.1.3' ],
17 silly audit   'fast-equals': [ '5.4.0' ],
17 silly audit   'fast-json-stable-stringify': [ '2.1.0' ],
17 silly audit   'fast-levenshtein': [ '2.0.6' ],
17 silly audit   fastq: [ '1.20.1' ],
17 silly audit   fflate: [ '0.8.3' ],
17 silly audit   'file-entry-cache': [ '8.0.0' ],
17 silly audit   'fill-range': [ '7.1.1' ],
17 silly audit   'find-up': [ '5.0.0' ],
17 silly audit   'flat-cache': [ '4.0.1' ],
17 silly audit   flatted: [ '3.4.2' ],
17 silly audit   'for-each': [ '0.3.5' ],
17 silly audit   'form-data': [ '4.0.5' ],
17 silly audit   'framer-motion': [ '11.18.2' ],
17 silly audit   fsevents: [ '2.3.3' ],
17 silly audit   'function-bind': [ '1.1.2' ],
17 silly audit   'function.prototype.name': [ '1.1.8' ],
17 silly audit   'functions-have-names': [ '1.2.3' ],
17 silly audit   'generator-function': [ '2.0.1' ],
17 silly audit   gensync: [ '1.0.0-beta.2' ],
17 silly audit   'get-func-name': [ '2.0.2' ],
17 silly audit   'get-intrinsic': [ '1.3.0' ],
17 silly audit   'get-proto': [ '1.0.1' ],
17 silly audit   'get-stream': [ '8.0.1' ],
17 silly audit   'get-symbol-description': [ '1.1.0' ],
17 silly audit   'get-tsconfig': [ '4.14.0' ],
17 silly audit   globals: [ '14.0.0' ],
17 silly audit   globalthis: [ '1.0.4' ],
17 silly audit   gopd: [ '1.2.0' ],
17 silly audit   'graceful-fs': [ '4.2.11' ],
17 silly audit   'has-bigints': [ '1.1.0' ],
17 silly audit   'has-flag': [ '4.0.0' ],
17 silly audit   'has-property-descriptors': [ '1.0.2' ],
17 silly audit   'has-proto': [ '1.2.0' ],
17 silly audit   'has-symbols': [ '1.1.0' ],
17 silly audit   'has-tostringtag': [ '1.0.2' ],
17 silly audit   hasown: [ '2.0.4' ],
17 silly audit   'html-encoding-sniffer': [ '4.0.0' ],
17 silly audit   'http-proxy-agent': [ '7.0.2' ],
17 silly audit   'https-proxy-agent': [ '7.0.6' ],
17 silly audit   'human-signals': [ '5.0.0' ],
17 silly audit   'iconv-lite': [ '0.6.3' ],
17 silly audit   'import-fresh': [ '3.3.1' ],
17 silly audit   imurmurhash: [ '0.1.4' ],
17 silly audit   'indent-string': [ '4.0.0' ],
17 silly audit   'internal-slot': [ '1.1.0' ],
17 silly audit   internmap: [ '2.0.3' ],
17 silly audit   'is-arguments': [ '1.2.0' ],
17 silly audit   'is-array-buffer': [ '3.0.5' ],
17 silly audit   'is-async-function': [ '2.1.1' ],
17 silly audit   'is-bigint': [ '1.1.0' ],
17 silly audit   'is-boolean-object': [ '1.2.2' ],
17 silly audit   'is-bun-module': [ '2.0.0' ],
17 silly audit   'is-callable': [ '1.2.7' ],
17 silly audit   'is-core-module': [ '2.16.2' ],
17 silly audit   'is-data-view': [ '1.0.2' ],
17 silly audit   'is-date-object': [ '1.1.0' ],
17 silly audit   'is-extglob': [ '2.1.1' ],
17 silly audit   'is-finalizationregistry': [ '1.1.1' ],
17 silly audit   'is-generator-function': [ '1.1.2' ],
17 silly audit   'is-glob': [ '4.0.3' ],
17 silly audit   'is-map': [ '2.0.3' ],
17 silly audit   'is-negative-zero': [ '2.0.3' ],
17 silly audit   'is-number': [ '7.0.0' ],
17 silly audit   'is-number-object': [ '1.1.1' ],
17 silly audit   'is-potential-custom-element-name': [ '1.0.1' ],
17 silly audit   'is-regex': [ '1.2.1' ],
17 silly audit   'is-set': [ '2.0.3' ],
17 silly audit   'is-shared-array-buffer': [ '1.0.4' ],
17 silly audit   'is-stream': [ '3.0.0' ],
17 silly audit   'is-string': [ '1.1.1' ],
17 silly audit   'is-symbol': [ '1.1.1' ],
17 silly audit   'is-typed-array': [ '1.1.15' ],
17 silly audit   'is-weakmap': [ '2.0.2' ],
17 silly audit   'is-weakref': [ '1.1.1' ],
17 silly audit   'is-weakset': [ '2.0.4' ],
17 silly audit   isarray: [ '2.0.5' ],
17 silly audit   isexe: [ '2.0.0' ],
17 silly audit   'iterator.prototype': [ '1.1.5' ],
17 silly audit   jiti: [ '2.7.0' ],
17 silly audit   'js-tokens': [ '4.0.0', '9.0.1' ],
17 silly audit   'js-yaml': [ '4.2.0' ],
17 silly audit   jsdom: [ '23.2.0' ],
17 silly audit   jsesc: [ '3.1.0' ],
17 silly audit   'json-buffer': [ '3.0.1' ],
17 silly audit   'json-schema-traverse': [ '0.4.1' ],
17 silly audit   'json-stable-stringify-without-jsonify': [ '1.0.1' ],
17 silly audit   'jsx-ast-utils': [ '3.3.5' ],
17 silly audit   keyv: [ '4.5.4' ],
17 silly audit   'language-subtag-registry': [ '0.3.23' ],
17 silly audit   'language-tags': [ '1.0.9' ],
17 silly audit   levn: [ '0.4.1' ],
17 silly audit   lightningcss: [ '1.32.0' ],
17 silly audit   'lightningcss-android-arm64': [ '1.32.0' ],
17 silly audit   'lightningcss-darwin-arm64': [ '1.32.0' ],
17 silly audit   'lightningcss-darwin-x64': [ '1.32.0' ],
17 silly audit   'lightningcss-freebsd-x64': [ '1.32.0' ],
17 silly audit   'lightningcss-linux-arm-gnueabihf': [ '1.32.0' ],
17 silly audit   'lightningcss-linux-arm64-gnu': [ '1.32.0' ],
17 silly audit   'lightningcss-linux-arm64-musl': [ '1.32.0' ],
17 silly audit   'lightningcss-linux-x64-gnu': [ '1.32.0' ],
17 silly audit   'lightningcss-linux-x64-musl': [ '1.32.0' ],
17 silly audit   'lightningcss-win32-arm64-msvc': [ '1.32.0' ],
17 silly audit   'lightningcss-win32-x64-msvc': [ '1.32.0' ],
17 silly audit   'local-pkg': [ '0.5.1' ],
17 silly audit   'locate-path': [ '6.0.0' ],
17 silly audit   lodash: [ '4.18.1' ],
17 silly audit   'lodash.merge': [ '4.6.2' ],
17 silly audit   'loose-envify': [ '1.4.0' ],
17 silly audit   loupe: [ '2.3.7' ],
17 silly audit   'lucide-react': [ '0.468.0' ],
17 silly audit   'lz-string': [ '1.5.0' ],
17 silly audit   'magic-string': [ '0.30.21' ],
17 silly audit   'math-intrinsics': [ '1.1.0' ],
17 silly audit   'mdn-data': [ '2.0.30' ],
17 silly audit   'merge-stream': [ '2.0.0' ],
17 silly audit   merge2: [ '1.4.1' ],
17 silly audit   micromatch: [ '4.0.8' ],
17 silly audit   'mime-db': [ '1.52.0' ],
17 silly audit   'mime-types': [ '2.1.35' ],
17 silly audit   'mimic-fn': [ '4.0.0' ],
17 silly audit   'min-indent': [ '1.0.1' ],
17 silly audit   minimist: [ '1.2.8' ],
17 silly audit   mlly: [ '1.8.2' ],
17 silly audit   pathe: [ '2.0.3', '1.1.2' ],
17 silly audit   'motion-dom': [ '11.18.1' ],
17 silly audit   'motion-utils': [ '11.18.1' ],
17 silly audit   mrmime: [ '2.0.1' ],
17 silly audit   ms: [ '2.1.3' ],
17 silly audit   nanoid: [ '3.3.12' ],
17 silly audit   'napi-postinstall': [ '0.3.4' ],
17 silly audit   'natural-compare': [ '1.4.0' ],
17 silly audit   next: [ '15.5.19' ],
17 silly audit   'next-themes': [ '0.4.6' ],
17 silly audit   postcss: [ '8.4.31', '8.5.15' ],
17 silly audit   'node-exports-info': [ '1.6.0' ],
17 silly audit   'node-releases': [ '2.0.47' ],
17 silly audit   'npm-run-path': [ '5.3.0' ],
17 silly audit   'path-key': [ '4.0.0', '3.1.1' ],
17 silly audit   'object-assign': [ '4.1.1' ],
17 silly audit   'object-inspect': [ '1.13.4' ],
17 silly audit   'object-is': [ '1.1.6' ],
17 silly audit   'object-keys': [ '1.1.1' ],
17 silly audit   'object.assign': [ '4.1.7' ],
17 silly audit   'object.entries': [ '1.1.9' ],
17 silly audit   'object.fromentries': [ '2.0.8' ],
17 silly audit   'object.groupby': [ '1.0.3' ],
17 silly audit   'object.values': [ '1.2.1' ],
17 silly audit   onetime: [ '6.0.0' ],
17 silly audit   optionator: [ '0.9.4' ],
17 silly audit   'own-keys': [ '1.0.1' ],
17 silly audit   'p-locate': [ '5.0.0' ],
17 silly audit   'parent-module': [ '1.0.1' ],
17 silly audit   parse5: [ '7.3.0' ],
17 silly audit   'path-exists': [ '4.0.0' ],
17 silly audit   'path-parse': [ '1.0.7' ],
17 silly audit   pathval: [ '1.1.1' ],
17 silly audit   picocolors: [ '1.1.1' ],
17 silly audit   picomatch: [ '2.3.2', '4.0.4' ],
17 silly audit   'pkg-types': [ '1.3.1' ],
17 silly audit   'possible-typed-array-names': [ '1.1.0' ],
17 silly audit   'prelude-ls': [ '1.2.1' ],
17 silly audit   'prop-types': [ '15.8.1' ],
17 silly audit   psl: [ '1.15.0' ],
17 silly audit   punycode: [ '2.3.1' ],
17 silly audit   querystringify: [ '2.2.0' ],
17 silly audit   'queue-microtask': [ '1.2.3' ],
17 silly audit   react: [ '19.2.7' ],
17 silly audit   'react-dom': [ '19.2.7' ],
17 silly audit   'react-hook-form': [ '7.77.0' ],
17 silly audit   'react-refresh': [ '0.17.0' ],
17 silly audit   'react-smooth': [ '4.0.4' ],
17 silly audit   'react-transition-group': [ '4.4.5' ],
17 silly audit   recharts: [ '2.15.4' ],
17 silly audit   'recharts-scale': [ '0.4.5' ],
17 silly audit   redent: [ '3.0.0' ],
17 silly audit   'reflect.getprototypeof': [ '1.0.10' ],
17 silly audit   'regexp.prototype.flags': [ '1.5.4' ],
17 silly audit   'require-from-string': [ '2.0.2' ],
17 silly audit   'requires-port': [ '1.0.0' ],
17 silly audit   resolve: [ '2.0.0-next.7' ],
17 silly audit   'resolve-from': [ '4.0.0' ],
17 silly audit   'resolve-pkg-maps': [ '1.0.0' ],
17 silly audit   reusify: [ '1.1.0' ],
17 silly audit   rollup: [ '4.61.1' ],
17 silly audit   'run-parallel': [ '1.2.0' ],
17 silly audit   'safe-array-concat': [ '1.1.4' ],
17 silly audit   'safe-push-apply': [ '1.0.0' ],
17 silly audit   'safe-regex-test': [ '1.1.0' ],
17 silly audit   'safer-buffer': [ '2.1.2' ],
17 silly audit   saxes: [ '6.0.0' ],
17 silly audit   scheduler: [ '0.27.0' ],
17 silly audit   'set-function-length': [ '1.2.2' ],
17 silly audit   'set-function-name': [ '2.0.2' ],
17 silly audit   'set-proto': [ '1.0.0' ],
17 silly audit   sharp: [ '0.34.5' ],
17 silly audit   'shebang-command': [ '2.0.0' ],
17 silly audit   'shebang-regex': [ '3.0.0' ],
17 silly audit   'side-channel': [ '1.1.0' ],
17 silly audit   'side-channel-list': [ '1.0.1' ],
17 silly audit   'side-channel-map': [ '1.0.1' ],
17 silly audit   'side-channel-weakmap': [ '1.0.2' ],
17 silly audit   siginfo: [ '2.0.0' ],
17 silly audit   'signal-exit': [ '4.1.0' ],
17 silly audit   sirv: [ '2.0.4' ],
17 silly audit   'source-map-js': [ '1.2.1' ],
17 silly audit   'stable-hash': [ '0.0.5' ],
17 silly audit   stackback: [ '0.0.2' ],
17 silly audit   'std-env': [ '3.10.0' ],
17 silly audit   'stop-iteration-iterator': [ '1.1.0' ],
17 silly audit   'string.prototype.includes': [ '2.0.1' ],
17 silly audit   'string.prototype.matchall': [ '4.0.12' ],
17 silly audit   'string.prototype.repeat': [ '1.0.0' ],
17 silly audit   'string.prototype.trim': [ '1.2.11' ],
17 silly audit   'string.prototype.trimend': [ '1.0.10' ],
17 silly audit   'string.prototype.trimstart': [ '1.0.8' ],
17 silly audit   'strip-bom': [ '3.0.0' ],
17 silly audit   'strip-final-newline': [ '3.0.0' ],
17 silly audit   'strip-indent': [ '3.0.0' ],
17 silly audit   'strip-json-comments': [ '3.1.1' ],
17 silly audit   'strip-literal': [ '2.1.1' ],
17 silly audit   'styled-jsx': [ '5.1.6' ],
17 silly audit   'supports-color': [ '7.2.0' ],
17 silly audit   'supports-preserve-symlinks-flag': [ '1.0.0' ],
17 silly audit   'symbol-tree': [ '3.2.4' ],
17 silly audit   'tailwind-merge': [ '2.6.1' ],
17 silly audit   tailwindcss: [ '4.3.0' ],
17 silly audit   tapable: [ '2.3.3' ],
17 silly audit   'tiny-invariant': [ '1.3.3' ],
17 silly audit   tinybench: [ '2.9.0' ],
17 silly audit   tinyglobby: [ '0.2.17' ],
17 silly audit   fdir: [ '6.5.0' ],
17 silly audit   tinypool: [ '0.8.4' ],
17 silly audit   tinyspy: [ '2.2.1' ],
17 silly audit   'to-regex-range': [ '5.0.1' ],
17 silly audit   totalist: [ '3.0.1' ],
17 silly audit   'tough-cookie': [ '4.1.4' ],
17 silly audit   tr46: [ '5.1.1' ],
17 silly audit   'ts-api-utils': [ '2.5.0' ],
17 silly audit   'tsconfig-paths': [ '3.15.0' ],
17 silly audit   tslib: [ '2.8.1' ],
17 silly audit   'type-check': [ '0.4.0' ],
17 silly audit   'type-detect': [ '4.1.0' ],
17 silly audit   'typed-array-buffer': [ '1.0.3' ],
17 silly audit   'typed-array-byte-length': [ '1.0.3' ],
17 silly audit   'typed-array-byte-offset': [ '1.0.4' ],
17 silly audit   'typed-array-length': [ '1.0.8' ],
17 silly audit   typescript: [ '5.9.3' ],
17 silly audit   ufo: [ '1.6.4' ],
17 silly audit   'unbox-primitive': [ '1.1.0' ],
17 silly audit   'undici-types': [ '6.21.0' ],
17 silly audit   universalify: [ '0.2.0' ],
17 silly audit   'unrs-resolver': [ '1.12.2' ],
17 silly audit   'update-browserslist-db': [ '1.2.3' ],
17 silly audit   'uri-js': [ '4.4.1' ],
17 silly audit   'url-parse': [ '1.5.10' ],
17 silly audit   'use-sync-external-store': [ '1.6.0' ],
17 silly audit   'victory-vendor': [ '36.9.2' ],
17 silly audit   vite: [ '5.4.21' ],
17 silly audit   'vite-node': [ '1.6.1' ],
17 silly audit   vitest: [ '1.6.1' ],
17 silly audit   'w3c-xmlserializer': [ '5.0.0' ],
17 silly audit   'webidl-conversions': [ '7.0.0' ],
17 silly audit   'whatwg-encoding': [ '3.1.1' ],
17 silly audit   'whatwg-mimetype': [ '4.0.0' ],
17 silly audit   'whatwg-url': [ '14.2.0' ],
17 silly audit   which: [ '2.0.2' ],
17 silly audit   'which-boxed-primitive': [ '1.1.1' ],
17 silly audit   'which-builtin-type': [ '1.2.1' ],
17 silly audit   'which-collection': [ '1.0.2' ],
17 silly audit   'which-typed-array': [ '1.1.22' ],
17 silly audit   'why-is-node-running': [ '2.3.0' ],
17 silly audit   'word-wrap': [ '1.2.5' ],
17 silly audit   ws: [ '8.21.0' ],
17 silly audit   'xml-name-validator': [ '5.0.0' ],
17 silly audit   xmlchars: [ '2.2.0' ],
17 silly audit   yallist: [ '3.1.1' ],
17 silly audit   zod: [ '3.25.76' ]
17 silly audit }
18 http fetch POST 200 https://registry.npmjs.org/-/npm/v1/security/advisories/bulk 1198ms
19 silly audit report {
19 silly audit report   esbuild: [
19 silly audit report     {
19 silly audit report       id: 1102341,
19 silly audit report       url: 'https://github.com/advisories/GHSA-67mh-4wv8-2f99',
19 silly audit report       title: 'esbuild enables any website to send any requests to the development server and read the response',
19 silly audit report       severity: 'moderate',
19 silly audit report       vulnerable_versions: '<=0.24.2',
19 silly audit report       cwe: [Array],
19 silly audit report       cvss: [Object]
19 silly audit report     }
19 silly audit report   ],
19 silly audit report   postcss: [
19 silly audit report     {
19 silly audit report       id: 1117015,
19 silly audit report       url: 'https://github.com/advisories/GHSA-qx2v-qp2m-jg93',
19 silly audit report       title: 'PostCSS has XSS via Unescaped </style> in its CSS Stringify Output',
19 silly audit report       severity: 'moderate',
19 silly audit report       vulnerable_versions: '<8.5.10',
19 silly audit report       cwe: [Array],
19 silly audit report       cvss: [Object]
19 silly audit report     }
19 silly audit report   ],
19 silly audit report   vite: [
19 silly audit report     {
19 silly audit report       id: 1116229,
19 silly audit report       url: 'https://github.com/advisories/GHSA-4w7w-66w2-5vf9',
19 silly audit report       title: 'Vite Vulnerable to Path Traversal in Optimized Deps `.map` Handling',
19 silly audit report       severity: 'moderate',
19 silly audit report       vulnerable_versions: '<=6.4.1',
19 silly audit report       cwe: [Array],
19 silly audit report       cvss: [Object]
19 silly audit report     }
19 silly audit report   ],
19 silly audit report   vitest: [
19 silly audit report     {
19 silly audit report       id: 1120011,
19 silly audit report       url: 'https://github.com/advisories/GHSA-5xrq-8626-4rwp',
19 silly audit report       title: 'When Vitest UI server is listening, arbitrary file can be read and executed',
19 silly audit report       severity: 'critical',
19 silly audit report       vulnerable_versions: '<4.1.0',
19 silly audit report       cwe: [Array],
19 silly audit report       cvss: [Object]
19 silly audit report     }
19 silly audit report   ]
19 silly audit report }
20 silly packumentCache corgi:https://registry.npmjs.org/esbuild cache-miss
21 silly packumentCache corgi:https://registry.npmjs.org/postcss cache-miss
22 silly packumentCache corgi:https://registry.npmjs.org/vite cache-miss
23 silly packumentCache corgi:https://registry.npmjs.org/vitest cache-miss
24 http fetch GET 200 https://registry.npmjs.org/esbuild 226ms (cache revalidated)
25 silly packumentCache corgi:https://registry.npmjs.org/esbuild set size:885757 disposed:false
26 http fetch GET 200 https://registry.npmjs.org/postcss 794ms (cache revalidated)
27 silly packumentCache corgi:https://registry.npmjs.org/postcss set size:344717 disposed:false
28 http fetch GET 200 https://registry.npmjs.org/vitest 821ms (cache revalidated)
29 silly packumentCache corgi:https://registry.npmjs.org/vitest set size:1247043 disposed:false
30 http fetch GET 200 https://registry.npmjs.org/vite 1769ms (cache revalidated)
31 silly packumentCache corgi:https://registry.npmjs.org/vite set size:2261551 disposed:false
32 silly packumentCache corgi:https://registry.npmjs.org/next cache-miss
33 http fetch GET 200 https://registry.npmjs.org/next 297ms (cache revalidated)
34 silly packumentCache corgi:https://registry.npmjs.org/next set size:25161975 disposed:false
35 silly packumentCache corgi:https://registry.npmjs.org/vite-node cache-miss
36 http fetch GET 200 https://registry.npmjs.org/vite-node 211ms (cache revalidated)
37 silly packumentCache corgi:https://registry.npmjs.org/vite-node set size:453359 disposed:false
38 verbose cwd E:\1_Code Project\3_self_project\Memora_language_2026_6_7\frontend
39 verbose os Windows_NT 10.0.26200
40 verbose node v24.15.0
41 verbose npm  v11.12.1
42 verbose exit 0
43 info ok
